[22-Dec-2024 13:04:47 Europe/Berlin] Debugging - Sanitized Name: Hutan Lipur Teladas
[22-Dec-2024 13:04:47 Europe/Berlin] Debugging - Sanitized Name: AA
[22-Dec-2024 13:04:47 Europe/Berlin] Debugging - Original Name: AA
[22-Dec-2024 13:04:47 Europe/Berlin] Debugging - Sanitized Name: AA
[22-Dec-2024 13:04:47 Europe/Berlin] Debugging - Folder: pictures
[22-Dec-2024 13:04:47 Europe/Berlin] Debugging - Generated Path: /MARANGUIDE/media/attraction/Hutan Lipur Teladas/AA/pictures/6767fa3d248eb_1734867517.jpeg
[22-Dec-2024 13:04:47 Europe/Berlin] Debugging - Sanitized Name: Hutan Lipur Teladas
[22-Dec-2024 13:04:47 Europe/Berlin] Debugging - Sanitized Name: AA
[22-Dec-2024 13:04:47 Europe/Berlin] Debugging - Original Name: AA
[22-Dec-2024 13:04:47 Europe/Berlin] Debugging - Sanitized Name: AA
[22-Dec-2024 13:04:47 Europe/Berlin] Debugging - Folder: pictures
[22-Dec-2024 13:04:47 Europe/Berlin] Debugging - Generated Path: /MARANGUIDE/media/attraction/Hutan Lipur Teladas/AA/pictures/6767f9ce5c45d_1734867406.jpeg
[22-Dec-2024 13:04:47 Europe/Berlin] Debugging - Sanitized Name: Hutan Lipur Teladas
[22-Dec-2024 13:04:47 Europe/Berlin] Debugging - Sanitized Name: AA
[22-Dec-2024 13:04:47 Europe/Berlin] Debugging - Original Name: AA
[22-Dec-2024 13:04:47 Europe/Berlin] Debugging - Sanitized Name: AA
[22-Dec-2024 13:04:47 Europe/Berlin] Debugging - Folder: pictures
[22-Dec-2024 13:04:47 Europe/Berlin] Debugging - Generated Path: /MARANGUIDE/media/attraction/Hutan Lipur Teladas/AA/pictures/6767f97d33efd_1734867325.jpg
[22-Dec-2024 13:07:15 Europe/Berlin] Debugging - Sanitized Name: Hutan Lipur Teladas
[22-Dec-2024 13:07:15 Europe/Berlin] Debugging - Sanitized Name: AA
[22-Dec-2024 13:07:15 Europe/Berlin] Debugging - Original Name: AA
[22-Dec-2024 13:07:15 Europe/Berlin] Debugging - Sanitized Name: AA
[22-Dec-2024 13:07:15 Europe/Berlin] Debugging - Folder: pictures
[22-Dec-2024 13:07:15 Europe/Berlin] Debugging - Generated Path: /MARANGUIDE/media/attraction/Hutan Lipur Teladas/AA/pictures/6767fa3d248eb_1734867517.jpeg
[22-Dec-2024 13:07:15 Europe/Berlin] Debugging - Sanitized Name: Hutan Lipur Teladas
[22-Dec-2024 13:07:15 Europe/Berlin] Debugging - Sanitized Name: AA
[22-Dec-2024 13:07:15 Europe/Berlin] Debugging - Original Name: AA
[22-Dec-2024 13:07:15 Europe/Berlin] Debugging - Sanitized Name: AA
[22-Dec-2024 13:07:15 Europe/Berlin] Debugging - Folder: pictures
[22-Dec-2024 13:07:15 Europe/Berlin] Debugging - Generated Path: /MARANGUIDE/media/attraction/Hutan Lipur Teladas/AA/pictures/6767f9ce5c45d_1734867406.jpeg
[22-Dec-2024 13:07:15 Europe/Berlin] Debugging - Sanitized Name: Hutan Lipur Teladas
[22-Dec-2024 13:07:15 Europe/Berlin] Debugging - Sanitized Name: AA
[22-Dec-2024 13:07:15 Europe/Berlin] Debugging - Original Name: AA
[22-Dec-2024 13:07:15 Europe/Berlin] Debugging - Sanitized Name: AA
[22-Dec-2024 13:07:15 Europe/Berlin] Debugging - Folder: pictures
[22-Dec-2024 13:07:15 Europe/Berlin] Debugging - Generated Path: /MARANGUIDE/media/attraction/Hutan Lipur Teladas/AA/pictures/6767f97d33efd_1734867325.jpg
[22-Dec-2024 13:09:05 Europe/Berlin] Debugging - Sanitized Name: Hutan Lipur Teladas
[22-Dec-2024 13:09:05 Europe/Berlin] Debugging - Sanitized Name: AA
[22-Dec-2024 13:09:05 Europe/Berlin] Debugging - Original Name: AA
[22-Dec-2024 13:09:05 Europe/Berlin] Debugging - Sanitized Name: AA
[22-Dec-2024 13:09:05 Europe/Berlin] Debugging - Folder: pictures
[22-Dec-2024 13:09:05 Europe/Berlin] Debugging - Generated Path: /MARANGUIDE/media/attraction/Hutan Lipur Teladas/AA/pictures/6767fa3d248eb_1734867517.jpeg
[22-Dec-2024 13:09:05 Europe/Berlin] Debugging - Sanitized Name: Hutan Lipur Teladas
[22-Dec-2024 13:09:05 Europe/Berlin] Debugging - Sanitized Name: AA
[22-Dec-2024 13:09:05 Europe/Berlin] Debugging - Original Name: AA
[22-Dec-2024 13:09:05 Europe/Berlin] Debugging - Sanitized Name: AA
[22-Dec-2024 13:09:05 Europe/Berlin] Debugging - Folder: pictures
[22-Dec-2024 13:09:05 Europe/Berlin] Debugging - Generated Path: /MARANGUIDE/media/attraction/Hutan Lipur Teladas/AA/pictures/6767f9ce5c45d_1734867406.jpeg
[22-Dec-2024 13:09:05 Europe/Berlin] Debugging - Sanitized Name: Hutan Lipur Teladas
[22-Dec-2024 13:09:05 Europe/Berlin] Debugging - Sanitized Name: AA
[22-Dec-2024 13:09:05 Europe/Berlin] Debugging - Original Name: AA
[22-Dec-2024 13:09:05 Europe/Berlin] Debugging - Sanitized Name: AA
[22-Dec-2024 13:09:05 Europe/Berlin] Debugging - Folder: pictures
[22-Dec-2024 13:09:05 Europe/Berlin] Debugging - Generated Path: /MARANGUIDE/media/attraction/Hutan Lipur Teladas/AA/pictures/6767f97d33efd_1734867325.jpg
[22-Dec-2024 13:09:09 Europe/Berlin] Debugging - Sanitized Name: Hutan Lipur Teladas
[22-Dec-2024 13:09:09 Europe/Berlin] Debugging - Sanitized Name: AA
[22-Dec-2024 13:09:09 Europe/Berlin] Debugging - Original Name: AA
[22-Dec-2024 13:09:09 Europe/Berlin] Debugging - Sanitized Name: AA
[22-Dec-2024 13:09:09 Europe/Berlin] Debugging - Folder: pictures
[22-Dec-2024 13:09:09 Europe/Berlin] Debugging - Generated Path: /MARANGUIDE/media/attraction/Hutan Lipur Teladas/AA/pictures/6767fa3d248eb_1734867517.jpeg
[22-Dec-2024 13:09:09 Europe/Berlin] Debugging - Sanitized Name: Hutan Lipur Teladas
[22-Dec-2024 13:09:09 Europe/Berlin] Debugging - Sanitized Name: AA
[22-Dec-2024 13:09:09 Europe/Berlin] Debugging - Original Name: AA
[22-Dec-2024 13:09:09 Europe/Berlin] Debugging - Sanitized Name: AA
[22-Dec-2024 13:09:09 Europe/Berlin] Debugging - Folder: pictures
[22-Dec-2024 13:09:09 Europe/Berlin] Debugging - Generated Path: /MARANGUIDE/media/attraction/Hutan Lipur Teladas/AA/pictures/6767f9ce5c45d_1734867406.jpeg
[22-Dec-2024 13:09:09 Europe/Berlin] Debugging - Sanitized Name: Hutan Lipur Teladas
[22-Dec-2024 13:09:09 Europe/Berlin] Debugging - Sanitized Name: AA
[22-Dec-2024 13:09:09 Europe/Berlin] Debugging - Original Name: AA
[22-Dec-2024 13:09:09 Europe/Berlin] Debugging - Sanitized Name: AA
[22-Dec-2024 13:09:09 Europe/Berlin] Debugging - Folder: pictures
[22-Dec-2024 13:09:09 Europe/Berlin] Debugging - Generated Path: /MARANGUIDE/media/attraction/Hutan Lipur Teladas/AA/pictures/6767f97d33efd_1734867325.jpg
[22-Dec-2024 13:09:11 Europe/Berlin] Debugging - Sanitized Name: Hutan Lipur Teladas
[22-Dec-2024 13:09:11 Europe/Berlin] Debugging - Sanitized Name: AA
[22-Dec-2024 13:09:11 Europe/Berlin] Debugging - Original Name: AA
[22-Dec-2024 13:09:11 Europe/Berlin] Debugging - Sanitized Name: AA
[22-Dec-2024 13:09:11 Europe/Berlin] Debugging - Folder: pictures
[22-Dec-2024 13:09:11 Europe/Berlin] Debugging - Generated Path: /MARANGUIDE/media/attraction/Hutan Lipur Teladas/AA/pictures/6767fa3d248eb_1734867517.jpeg
[22-Dec-2024 13:09:11 Europe/Berlin] Debugging - Sanitized Name: Hutan Lipur Teladas
[22-Dec-2024 13:09:11 Europe/Berlin] Debugging - Sanitized Name: AA
[22-Dec-2024 13:09:11 Europe/Berlin] Debugging - Original Name: AA
[22-Dec-2024 13:09:11 Europe/Berlin] Debugging - Sanitized Name: AA
[22-Dec-2024 13:09:11 Europe/Berlin] Debugging - Folder: pictures
[22-Dec-2024 13:09:11 Europe/Berlin] Debugging - Generated Path: /MARANGUIDE/media/attraction/Hutan Lipur Teladas/AA/pictures/6767f9ce5c45d_1734867406.jpeg
[22-Dec-2024 13:09:11 Europe/Berlin] Debugging - Sanitized Name: Hutan Lipur Teladas
[22-Dec-2024 13:09:11 Europe/Berlin] Debugging - Sanitized Name: AA
[22-Dec-2024 13:09:11 Europe/Berlin] Debugging - Original Name: AA
[22-Dec-2024 13:09:11 Europe/Berlin] Debugging - Sanitized Name: AA
[22-Dec-2024 13:09:11 Europe/Berlin] Debugging - Folder: pictures
[22-Dec-2024 13:09:11 Europe/Berlin] Debugging - Generated Path: /MARANGUIDE/media/attraction/Hutan Lipur Teladas/AA/pictures/6767f97d33efd_1734867325.jpg
[22-Dec-2024 13:09:32 Europe/Berlin] Debugging - Sanitized Name: Hutan Lipur Teladas
[22-Dec-2024 13:09:32 Europe/Berlin] Debugging - Sanitized Name: AA
[22-Dec-2024 13:09:32 Europe/Berlin] Debugging - Original Name: AA
[22-Dec-2024 13:09:32 Europe/Berlin] Debugging - Sanitized Name: AA
[22-Dec-2024 13:09:32 Europe/Berlin] Debugging - Folder: pictures
[22-Dec-2024 13:09:32 Europe/Berlin] Debugging - Generated Path: /MARANGUIDE/media/attraction/Hutan Lipur Teladas/AA/pictures/6767fa3d248eb_1734867517.jpeg
[22-Dec-2024 13:09:32 Europe/Berlin] Debugging - Sanitized Name: Hutan Lipur Teladas
[22-Dec-2024 13:09:32 Europe/Berlin] Debugging - Sanitized Name: AA
[22-Dec-2024 13:09:32 Europe/Berlin] Debugging - Original Name: AA
[22-Dec-2024 13:09:32 Europe/Berlin] Debugging - Sanitized Name: AA
[22-Dec-2024 13:09:32 Europe/Berlin] Debugging - Folder: pictures
[22-Dec-2024 13:09:32 Europe/Berlin] Debugging - Generated Path: /MARANGUIDE/media/attraction/Hutan Lipur Teladas/AA/pictures/6767f9ce5c45d_1734867406.jpeg
[22-Dec-2024 13:09:32 Europe/Berlin] Debugging - Sanitized Name: Hutan Lipur Teladas
[22-Dec-2024 13:09:32 Europe/Berlin] Debugging - Sanitized Name: AA
[22-Dec-2024 13:09:32 Europe/Berlin] Debugging - Original Name: AA
[22-Dec-2024 13:09:32 Europe/Berlin] Debugging - Sanitized Name: AA
[22-Dec-2024 13:09:32 Europe/Berlin] Debugging - Folder: pictures
[22-Dec-2024 13:09:32 Europe/Berlin] Debugging - Generated Path: /MARANGUIDE/media/attraction/Hutan Lipur Teladas/AA/pictures/6767f97d33efd_1734867325.jpg
[22-Dec-2024 13:09:34 Europe/Berlin] Debugging - Sanitized Name: Hutan Lipur Teladas
[22-Dec-2024 13:09:34 Europe/Berlin] Debugging - Sanitized Name: AA
[22-Dec-2024 13:09:34 Europe/Berlin] Debugging - Original Name: AA
[22-Dec-2024 13:09:34 Europe/Berlin] Debugging - Sanitized Name: AA
[22-Dec-2024 13:09:34 Europe/Berlin] Debugging - Folder: pictures
[22-Dec-2024 13:09:34 Europe/Berlin] Debugging - Generated Path: /MARANGUIDE/media/attraction/Hutan Lipur Teladas/AA/pictures/6767fa3d248eb_1734867517.jpeg
[22-Dec-2024 13:09:34 Europe/Berlin] Debugging - Sanitized Name: Hutan Lipur Teladas
[22-Dec-2024 13:09:34 Europe/Berlin] Debugging - Sanitized Name: AA
[22-Dec-2024 13:09:34 Europe/Berlin] Debugging - Original Name: AA
[22-Dec-2024 13:09:34 Europe/Berlin] Debugging - Sanitized Name: AA
[22-Dec-2024 13:09:34 Europe/Berlin] Debugging - Folder: pictures
[22-Dec-2024 13:09:34 Europe/Berlin] Debugging - Generated Path: /MARANGUIDE/media/attraction/Hutan Lipur Teladas/AA/pictures/6767f9ce5c45d_1734867406.jpeg
[22-Dec-2024 13:09:34 Europe/Berlin] Debugging - Sanitized Name: Hutan Lipur Teladas
[22-Dec-2024 13:09:34 Europe/Berlin] Debugging - Sanitized Name: AA
[22-Dec-2024 13:09:34 Europe/Berlin] Debugging - Original Name: AA
[22-Dec-2024 13:09:34 Europe/Berlin] Debugging - Sanitized Name: AA
[22-Dec-2024 13:09:34 Europe/Berlin] Debugging - Folder: pictures
[22-Dec-2024 13:09:34 Europe/Berlin] Debugging - Generated Path: /MARANGUIDE/media/attraction/Hutan Lipur Teladas/AA/pictures/6767f97d33efd_1734867325.jpg
[22-Dec-2024 13:11:52 Europe/Berlin] Debugging - Sanitized Name: Hutan Lipur Teladas
[22-Dec-2024 13:11:52 Europe/Berlin] Debugging - Sanitized Name: AA
[22-Dec-2024 13:11:52 Europe/Berlin] Debugging - Original Name: AA
[22-Dec-2024 13:11:52 Europe/Berlin] Debugging - Sanitized Name: AA
[22-Dec-2024 13:11:52 Europe/Berlin] Debugging - Folder: pictures
[22-Dec-2024 13:11:52 Europe/Berlin] Debugging - Generated Path: /MARANGUIDE/media/attraction/Hutan Lipur Teladas/AA/pictures/6767fa3d248eb_1734867517.jpeg
[22-Dec-2024 13:11:52 Europe/Berlin] Debugging - Sanitized Name: Hutan Lipur Teladas
[22-Dec-2024 13:11:52 Europe/Berlin] Debugging - Sanitized Name: AA
[22-Dec-2024 13:11:52 Europe/Berlin] Debugging - Original Name: AA
[22-Dec-2024 13:11:52 Europe/Berlin] Debugging - Sanitized Name: AA
[22-Dec-2024 13:11:52 Europe/Berlin] Debugging - Folder: pictures
[22-Dec-2024 13:11:52 Europe/Berlin] Debugging - Generated Path: /MARANGUIDE/media/attraction/Hutan Lipur Teladas/AA/pictures/6767f9ce5c45d_1734867406.jpeg
[22-Dec-2024 13:11:52 Europe/Berlin] Debugging - Sanitized Name: Hutan Lipur Teladas
[22-Dec-2024 13:11:52 Europe/Berlin] Debugging - Sanitized Name: AA
[22-Dec-2024 13:11:52 Europe/Berlin] Debugging - Original Name: AA
[22-Dec-2024 13:11:52 Europe/Berlin] Debugging - Sanitized Name: AA
[22-Dec-2024 13:11:52 Europe/Berlin] Debugging - Folder: pictures
[22-Dec-2024 13:11:52 Europe/Berlin] Debugging - Generated Path: /MARANGUIDE/media/attraction/Hutan Lipur Teladas/AA/pictures/6767f97d33efd_1734867325.jpg
[22-Dec-2024 13:12:24 Europe/Berlin] Debugging - Sanitized Name: Hutan Lipur Teladas
[22-Dec-2024 13:12:24 Europe/Berlin] Debugging - Sanitized Name: AA
[22-Dec-2024 13:12:24 Europe/Berlin] Debugging - Original Name: AA
[22-Dec-2024 13:12:24 Europe/Berlin] Debugging - Sanitized Name: AA
[22-Dec-2024 13:12:24 Europe/Berlin] Debugging - Folder: pictures
[22-Dec-2024 13:12:24 Europe/Berlin] Debugging - Generated Path: /MARANGUIDE/media/attraction/Hutan Lipur Teladas/AA/pictures/6767fa3d248eb_1734867517.jpeg
[22-Dec-2024 13:12:24 Europe/Berlin] Debugging - Sanitized Name: Hutan Lipur Teladas
[22-Dec-2024 13:12:24 Europe/Berlin] Debugging - Sanitized Name: AA
[22-Dec-2024 13:12:24 Europe/Berlin] Debugging - Original Name: AA
[22-Dec-2024 13:12:24 Europe/Berlin] Debugging - Sanitized Name: AA
[22-Dec-2024 13:12:24 Europe/Berlin] Debugging - Folder: pictures
[22-Dec-2024 13:12:24 Europe/Berlin] Debugging - Generated Path: /MARANGUIDE/media/attraction/Hutan Lipur Teladas/AA/pictures/6767f9ce5c45d_1734867406.jpeg
[22-Dec-2024 13:12:24 Europe/Berlin] Debugging - Sanitized Name: Hutan Lipur Teladas
[22-Dec-2024 13:12:24 Europe/Berlin] Debugging - Sanitized Name: AA
[22-Dec-2024 13:12:24 Europe/Berlin] Debugging - Original Name: AA
[22-Dec-2024 13:12:24 Europe/Berlin] Debugging - Sanitized Name: AA
[22-Dec-2024 13:12:24 Europe/Berlin] Debugging - Folder: pictures
[22-Dec-2024 13:12:24 Europe/Berlin] Debugging - Generated Path: /MARANGUIDE/media/attraction/Hutan Lipur Teladas/AA/pictures/6767f97d33efd_1734867325.jpg
[22-Dec-2024 13:12:26 Europe/Berlin] Debugging - Sanitized Name: Hutan Lipur Teladas
[22-Dec-2024 13:12:26 Europe/Berlin] Debugging - Sanitized Name: AA
[22-Dec-2024 13:12:26 Europe/Berlin] Debugging - Original Name: AA
[22-Dec-2024 13:12:26 Europe/Berlin] Debugging - Sanitized Name: AA
[22-Dec-2024 13:12:26 Europe/Berlin] Debugging - Folder: pictures
[22-Dec-2024 13:12:26 Europe/Berlin] Debugging - Generated Path: /MARANGUIDE/media/attraction/Hutan Lipur Teladas/AA/pictures/6767fa3d248eb_1734867517.jpeg
[22-Dec-2024 13:12:26 Europe/Berlin] Debugging - Sanitized Name: Hutan Lipur Teladas
[22-Dec-2024 13:12:26 Europe/Berlin] Debugging - Sanitized Name: AA
[22-Dec-2024 13:12:26 Europe/Berlin] Debugging - Original Name: AA
[22-Dec-2024 13:12:26 Europe/Berlin] Debugging - Sanitized Name: AA
[22-Dec-2024 13:12:26 Europe/Berlin] Debugging - Folder: pictures
[22-Dec-2024 13:12:26 Europe/Berlin] Debugging - Generated Path: /MARANGUIDE/media/attraction/Hutan Lipur Teladas/AA/pictures/6767f9ce5c45d_1734867406.jpeg
[22-Dec-2024 13:12:26 Europe/Berlin] Debugging - Sanitized Name: Hutan Lipur Teladas
[22-Dec-2024 13:12:26 Europe/Berlin] Debugging - Sanitized Name: AA
[22-Dec-2024 13:12:26 Europe/Berlin] Debugging - Original Name: AA
[22-Dec-2024 13:12:26 Europe/Berlin] Debugging - Sanitized Name: AA
[22-Dec-2024 13:12:26 Europe/Berlin] Debugging - Folder: pictures
[22-Dec-2024 13:12:26 Europe/Berlin] Debugging - Generated Path: /MARANGUIDE/media/attraction/Hutan Lipur Teladas/AA/pictures/6767f97d33efd_1734867325.jpg
[22-Dec-2024 13:12:27 Europe/Berlin] Debugging - Sanitized Name: Hutan Lipur Teladas
[22-Dec-2024 13:12:27 Europe/Berlin] Debugging - Sanitized Name: AA
[22-Dec-2024 13:12:27 Europe/Berlin] Debugging - Original Name: AA
[22-Dec-2024 13:12:27 Europe/Berlin] Debugging - Sanitized Name: AA
[22-Dec-2024 13:12:27 Europe/Berlin] Debugging - Folder: pictures
[22-Dec-2024 13:12:27 Europe/Berlin] Debugging - Generated Path: /MARANGUIDE/media/attraction/Hutan Lipur Teladas/AA/pictures/6767fa3d248eb_1734867517.jpeg
[22-Dec-2024 13:12:27 Europe/Berlin] Debugging - Sanitized Name: Hutan Lipur Teladas
[22-Dec-2024 13:12:27 Europe/Berlin] Debugging - Sanitized Name: AA
[22-Dec-2024 13:12:27 Europe/Berlin] Debugging - Original Name: AA
[22-Dec-2024 13:12:27 Europe/Berlin] Debugging - Sanitized Name: AA
[22-Dec-2024 13:12:27 Europe/Berlin] Debugging - Folder: pictures
[22-Dec-2024 13:12:27 Europe/Berlin] Debugging - Generated Path: /MARANGUIDE/media/attraction/Hutan Lipur Teladas/AA/pictures/6767f9ce5c45d_1734867406.jpeg
[22-Dec-2024 13:12:27 Europe/Berlin] Debugging - Sanitized Name: Hutan Lipur Teladas
[22-Dec-2024 13:12:27 Europe/Berlin] Debugging - Sanitized Name: AA
[22-Dec-2024 13:12:27 Europe/Berlin] Debugging - Original Name: AA
[22-Dec-2024 13:12:27 Europe/Berlin] Debugging - Sanitized Name: AA
[22-Dec-2024 13:12:27 Europe/Berlin] Debugging - Folder: pictures
[22-Dec-2024 13:12:27 Europe/Berlin] Debugging - Generated Path: /MARANGUIDE/media/attraction/Hutan Lipur Teladas/AA/pictures/6767f97d33efd_1734867325.jpg
[22-Dec-2024 13:12:52 Europe/Berlin] Debugging - Sanitized Name: Hutan Lipur Teladas
[22-Dec-2024 13:12:52 Europe/Berlin] Debugging - Sanitized Name: AA
[22-Dec-2024 13:12:52 Europe/Berlin] Debugging - Original Name: AA
[22-Dec-2024 13:12:52 Europe/Berlin] Debugging - Sanitized Name: AA
[22-Dec-2024 13:12:52 Europe/Berlin] Debugging - Folder: pictures
[22-Dec-2024 13:12:52 Europe/Berlin] Debugging - Generated Path: /MARANGUIDE/media/attraction/Hutan Lipur Teladas/AA/pictures/6767fa3d248eb_1734867517.jpeg
[22-Dec-2024 13:12:52 Europe/Berlin] Debugging - Sanitized Name: Hutan Lipur Teladas
[22-Dec-2024 13:12:52 Europe/Berlin] Debugging - Sanitized Name: AA
[22-Dec-2024 13:12:52 Europe/Berlin] Debugging - Original Name: AA
[22-Dec-2024 13:12:52 Europe/Berlin] Debugging - Sanitized Name: AA
[22-Dec-2024 13:12:52 Europe/Berlin] Debugging - Folder: pictures
[22-Dec-2024 13:12:52 Europe/Berlin] Debugging - Generated Path: /MARANGUIDE/media/attraction/Hutan Lipur Teladas/AA/pictures/6767f9ce5c45d_1734867406.jpeg
[22-Dec-2024 13:12:52 Europe/Berlin] Debugging - Sanitized Name: Hutan Lipur Teladas
[22-Dec-2024 13:12:52 Europe/Berlin] Debugging - Sanitized Name: AA
[22-Dec-2024 13:12:52 Europe/Berlin] Debugging - Original Name: AA
[22-Dec-2024 13:12:52 Europe/Berlin] Debugging - Sanitized Name: AA
[22-Dec-2024 13:12:52 Europe/Berlin] Debugging - Folder: pictures
[22-Dec-2024 13:12:52 Europe/Berlin] Debugging - Generated Path: /MARANGUIDE/media/attraction/Hutan Lipur Teladas/AA/pictures/6767f97d33efd_1734867325.jpg
[22-Dec-2024 13:13:46 Europe/Berlin] Debugging - Sanitized Name: Hutan Lipur Teladas
[22-Dec-2024 13:13:46 Europe/Berlin] Debugging - Sanitized Name: AA
[22-Dec-2024 13:13:46 Europe/Berlin] Debugging - Original Name: AA
[22-Dec-2024 13:13:46 Europe/Berlin] Debugging - Sanitized Name: AA
[22-Dec-2024 13:13:46 Europe/Berlin] Debugging - Folder: pictures
[22-Dec-2024 13:13:46 Europe/Berlin] Debugging - Generated Path: /MARANGUIDE/media/attraction/Hutan Lipur Teladas/AA/pictures/6767fa3d248eb_1734867517.jpeg
[22-Dec-2024 13:13:46 Europe/Berlin] Debugging - Sanitized Name: Hutan Lipur Teladas
[22-Dec-2024 13:13:46 Europe/Berlin] Debugging - Sanitized Name: AA
[22-Dec-2024 13:13:46 Europe/Berlin] Debugging - Original Name: AA
[22-Dec-2024 13:13:46 Europe/Berlin] Debugging - Sanitized Name: AA
[22-Dec-2024 13:13:46 Europe/Berlin] Debugging - Folder: pictures
[22-Dec-2024 13:13:46 Europe/Berlin] Debugging - Generated Path: /MARANGUIDE/media/attraction/Hutan Lipur Teladas/AA/pictures/6767f9ce5c45d_1734867406.jpeg
[22-Dec-2024 13:13:46 Europe/Berlin] Debugging - Sanitized Name: Hutan Lipur Teladas
[22-Dec-2024 13:13:46 Europe/Berlin] Debugging - Sanitized Name: AA
[22-Dec-2024 13:13:46 Europe/Berlin] Debugging - Original Name: AA
[22-Dec-2024 13:13:46 Europe/Berlin] Debugging - Sanitized Name: AA
[22-Dec-2024 13:13:46 Europe/Berlin] Debugging - Folder: pictures
[22-Dec-2024 13:13:46 Europe/Berlin] Debugging - Generated Path: /MARANGUIDE/media/attraction/Hutan Lipur Teladas/AA/pictures/6767f97d33efd_1734867325.jpg
[22-Dec-2024 13:14:33 Europe/Berlin] Debugging - Sanitized Name: Hutan Lipur Teladas
[22-Dec-2024 13:14:33 Europe/Berlin] Debugging - Sanitized Name: AA
[22-Dec-2024 13:14:33 Europe/Berlin] Debugging - Original Name: AA
[22-Dec-2024 13:14:33 Europe/Berlin] Debugging - Sanitized Name: AA
[22-Dec-2024 13:14:33 Europe/Berlin] Debugging - Folder: pictures
[22-Dec-2024 13:14:33 Europe/Berlin] Debugging - Generated Path: /MARANGUIDE/media/attraction/Hutan Lipur Teladas/AA/pictures/6767fa3d248eb_1734867517.jpeg
[22-Dec-2024 13:14:33 Europe/Berlin] Debugging - Sanitized Name: Hutan Lipur Teladas
[22-Dec-2024 13:14:33 Europe/Berlin] Debugging - Sanitized Name: AA
[22-Dec-2024 13:14:33 Europe/Berlin] Debugging - Original Name: AA
[22-Dec-2024 13:14:33 Europe/Berlin] Debugging - Sanitized Name: AA
[22-Dec-2024 13:14:33 Europe/Berlin] Debugging - Folder: pictures
[22-Dec-2024 13:14:33 Europe/Berlin] Debugging - Generated Path: /MARANGUIDE/media/attraction/Hutan Lipur Teladas/AA/pictures/6767f9ce5c45d_1734867406.jpeg
[22-Dec-2024 13:14:33 Europe/Berlin] Debugging - Sanitized Name: Hutan Lipur Teladas
[22-Dec-2024 13:14:33 Europe/Berlin] Debugging - Sanitized Name: AA
[22-Dec-2024 13:14:33 Europe/Berlin] Debugging - Original Name: AA
[22-Dec-2024 13:14:33 Europe/Berlin] Debugging - Sanitized Name: AA
[22-Dec-2024 13:14:33 Europe/Berlin] Debugging - Folder: pictures
[22-Dec-2024 13:14:33 Europe/Berlin] Debugging - Generated Path: /MARANGUIDE/media/attraction/Hutan Lipur Teladas/AA/pictures/6767f97d33efd_1734867325.jpg
[22-Dec-2024 13:26:31 Europe/Berlin] No galleries found for event ID: 25
[22-Dec-2024 13:53:17 Europe/Berlin] Debugging - Attraction ID: 29
[22-Dec-2024 13:53:17 Europe/Berlin] Debugging - Total Items: 1, Total Pages: 1
[22-Dec-2024 13:53:17 Europe/Berlin] Debugging - Sanitized Name: Hutan Lipur Teladas
[22-Dec-2024 13:53:17 Europe/Berlin] Debugging - Original Name: Hutan Lipur Teladas
[22-Dec-2024 13:53:17 Europe/Berlin] Debugging - Sanitized Name: Hutan Lipur Teladas
[22-Dec-2024 13:53:17 Europe/Berlin] Debugging - Folder: videos
[22-Dec-2024 13:53:17 Europe/Berlin] Debugging - Generated Path: ../media/attraction/Hutan Lipur Teladas/videos/67680b284e665_1734871848.mp4
[22-Dec-2024 13:53:17 Europe/Berlin] Debugging - Galleries Count: 1
[22-Dec-2024 14:05:31 Europe/Berlin] Debugging - Attraction ID: 29
[22-Dec-2024 14:05:31 Europe/Berlin] Debugging - Total Items: 2, Total Pages: 1
[22-Dec-2024 14:05:31 Europe/Berlin] Debugging - Sanitized Name: Hutan Lipur Teladas
[22-Dec-2024 14:05:31 Europe/Berlin] Debugging - Original Name: Hutan Lipur Teladas
[22-Dec-2024 14:05:31 Europe/Berlin] Debugging - Sanitized Name: Hutan Lipur Teladas
[22-Dec-2024 14:05:31 Europe/Berlin] Debugging - Folder: pictures
[22-Dec-2024 14:05:31 Europe/Berlin] Debugging - Generated Path: ../media/attraction/Hutan Lipur Teladas/pictures/67680c354bceb_1734872117.jpg
[22-Dec-2024 14:05:31 Europe/Berlin] Debugging - Sanitized Name: Hutan Lipur Teladas
[22-Dec-2024 14:05:31 Europe/Berlin] Debugging - Original Name: Hutan Lipur Teladas
[22-Dec-2024 14:05:31 Europe/Berlin] Debugging - Sanitized Name: Hutan Lipur Teladas
[22-Dec-2024 14:05:31 Europe/Berlin] Debugging - Folder: videos
[22-Dec-2024 14:05:31 Europe/Berlin] Debugging - Generated Path: ../media/attraction/Hutan Lipur Teladas/videos/67680b284e665_1734871848.mp4
[22-Dec-2024 14:05:31 Europe/Berlin] Debugging - Galleries Count: 2
[22-Dec-2024 14:08:48 Europe/Berlin] Debugging - Attraction ID: 29
[22-Dec-2024 14:08:49 Europe/Berlin] Debugging - Total Items: 2, Total Pages: 1
[22-Dec-2024 14:08:49 Europe/Berlin] Debugging - Sanitized Name: Hutan Lipur Teladas
[22-Dec-2024 14:08:49 Europe/Berlin] Debugging - Original Name: Hutan Lipur Teladas
[22-Dec-2024 14:08:49 Europe/Berlin] Debugging - Sanitized Name: Hutan Lipur Teladas
[22-Dec-2024 14:08:49 Europe/Berlin] Debugging - Folder: pictures
[22-Dec-2024 14:08:49 Europe/Berlin] Debugging - Generated Path: ../media/attraction/Hutan Lipur Teladas/pictures/67680c354bceb_1734872117.jpg
[22-Dec-2024 14:08:49 Europe/Berlin] Debugging - Sanitized Name: Hutan Lipur Teladas
[22-Dec-2024 14:08:49 Europe/Berlin] Debugging - Original Name: Hutan Lipur Teladas
[22-Dec-2024 14:08:49 Europe/Berlin] Debugging - Sanitized Name: Hutan Lipur Teladas
[22-Dec-2024 14:08:49 Europe/Berlin] Debugging - Folder: videos
[22-Dec-2024 14:08:49 Europe/Berlin] Debugging - Generated Path: ../media/attraction/Hutan Lipur Teladas/videos/67680b284e665_1734871848.mp4
[22-Dec-2024 14:08:49 Europe/Berlin] Debugging - Galleries Count: 2
[22-Dec-2024 14:26:50 Europe/Berlin] Debugging - Attraction ID: 29
[22-Dec-2024 14:26:50 Europe/Berlin] Debugging - Total Items: 2, Total Pages: 1
[22-Dec-2024 14:26:50 Europe/Berlin] Debugging - Sanitized Name: Hutan Lipur Teladas
[22-Dec-2024 14:26:50 Europe/Berlin] Debugging - Original Name: Hutan Lipur Teladas
[22-Dec-2024 14:26:50 Europe/Berlin] Debugging - Sanitized Name: Hutan Lipur Teladas
[22-Dec-2024 14:26:50 Europe/Berlin] Debugging - Folder: pictures
[22-Dec-2024 14:26:50 Europe/Berlin] Debugging - Generated Path: ../media/attraction/Hutan Lipur Teladas/pictures/67680c354bceb_1734872117.jpg
[22-Dec-2024 14:26:50 Europe/Berlin] Debugging - Sanitized Name: Hutan Lipur Teladas
[22-Dec-2024 14:26:50 Europe/Berlin] Debugging - Original Name: Hutan Lipur Teladas
[22-Dec-2024 14:26:50 Europe/Berlin] Debugging - Sanitized Name: Hutan Lipur Teladas
[22-Dec-2024 14:26:50 Europe/Berlin] Debugging - Folder: videos
[22-Dec-2024 14:26:50 Europe/Berlin] Debugging - Generated Path: ../media/attraction/Hutan Lipur Teladas/videos/67680b284e665_1734871848.mp4
[22-Dec-2024 14:26:50 Europe/Berlin] Debugging - Galleries Count: 2
[22-Dec-2024 14:28:25 Europe/Berlin] Debugging - Attraction ID: 29
[22-Dec-2024 14:28:25 Europe/Berlin] Debugging - Total Items: 1, Total Pages: 1
[22-Dec-2024 14:28:25 Europe/Berlin] Debugging - Sanitized Name: Hutan Lipur Teladas
[22-Dec-2024 14:28:25 Europe/Berlin] Debugging - Original Name: Hutan Lipur Teladas
[22-Dec-2024 14:28:25 Europe/Berlin] Debugging - Sanitized Name: Hutan Lipur Teladas
[22-Dec-2024 14:28:25 Europe/Berlin] Debugging - Folder: pictures
[22-Dec-2024 14:28:25 Europe/Berlin] Debugging - Generated Path: ../media/attraction/Hutan Lipur Teladas/pictures/67680c354bceb_1734872117.jpg
[22-Dec-2024 14:28:25 Europe/Berlin] Debugging - Galleries Count: 1
[22-Dec-2024 14:29:13 Europe/Berlin] Debugging - Attraction ID: 29
[22-Dec-2024 14:29:13 Europe/Berlin] Debugging - Total Items: 1, Total Pages: 1
[22-Dec-2024 14:29:13 Europe/Berlin] Debugging - Sanitized Name: Hutan Lipur Teladas
[22-Dec-2024 14:29:13 Europe/Berlin] Debugging - Original Name: Hutan Lipur Teladas
[22-Dec-2024 14:29:13 Europe/Berlin] Debugging - Sanitized Name: Hutan Lipur Teladas
[22-Dec-2024 14:29:13 Europe/Berlin] Debugging - Folder: pictures
[22-Dec-2024 14:29:13 Europe/Berlin] Debugging - Generated Path: ../media/attraction/Hutan Lipur Teladas/pictures/67680c354bceb_1734872117.jpg
[22-Dec-2024 14:29:13 Europe/Berlin] Debugging - Galleries Count: 1
[23-Dec-2024 08:20:31 Europe/Berlin] Debugging - Attraction ID: 32
[23-Dec-2024 08:20:31 Europe/Berlin] Debugging - Total Items: 0, Total Pages: 0
[23-Dec-2024 08:20:31 Europe/Berlin] Debugging - Galleries Count: 0
[23-Dec-2024 09:11:45 Europe/Berlin] Debugging - Attraction ID: 29
[23-Dec-2024 09:11:45 Europe/Berlin] Debugging - Total Items: 0, Total Pages: 0
[23-Dec-2024 09:11:45 Europe/Berlin] Debugging - Galleries Count: 0
[23-Dec-2024 09:13:44 Europe/Berlin] Debugging - Attraction ID: 29
[23-Dec-2024 09:13:44 Europe/Berlin] Debugging - Total Items: 0, Total Pages: 0
[23-Dec-2024 09:13:44 Europe/Berlin] Debugging - Galleries Count: 0
[25-Dec-2024 08:08:01 Europe/Berlin] Debugging - Attraction ID: 32
[25-Dec-2024 08:08:01 Europe/Berlin] Debugging - Total Items: 0, Total Pages: 0
[25-Dec-2024 08:08:01 Europe/Berlin] Debugging - Galleries Count: 0
[27-Dec-2024 03:19:11 Europe/Berlin] Debugging - Attraction ID: 29
[27-Dec-2024 03:19:11 Europe/Berlin] Debugging - Total Items: 0, Total Pages: 0
[27-Dec-2024 03:19:11 Europe/Berlin] Debugging - Galleries Count: 0
[27-Dec-2024 03:19:16 Europe/Berlin] Debugging - Attraction ID: 34
[27-Dec-2024 03:19:16 Europe/Berlin] Debugging - Total Items: 0, Total Pages: 0
[27-Dec-2024 03:19:16 Europe/Berlin] Debugging - Galleries Count: 0
[27-Dec-2024 03:19:18 Europe/Berlin] Debugging - Attraction ID: 29
[27-Dec-2024 03:19:18 Europe/Berlin] Debugging - Total Items: 0, Total Pages: 0
[27-Dec-2024 03:19:18 Europe/Berlin] Debugging - Galleries Count: 0
[27-Dec-2024 03:22:27 Europe/Berlin] Debugging - Attraction ID: 34
[27-Dec-2024 03:22:27 Europe/Berlin] Debugging - Total Items: 0, Total Pages: 0
[27-Dec-2024 03:22:27 Europe/Berlin] Debugging - Galleries Count: 0
[27-Dec-2024 03:22:31 Europe/Berlin] Debugging - Attraction ID: 29
[27-Dec-2024 03:22:31 Europe/Berlin] Debugging - Total Items: 0, Total Pages: 0
[27-Dec-2024 03:22:31 Europe/Berlin] Debugging - Galleries Count: 0
[27-Dec-2024 03:46:19 Europe/Berlin] Debugging - Attraction ID: 29
[27-Dec-2024 03:46:19 Europe/Berlin] Debugging - Total Items: 0, Total Pages: 0
[27-Dec-2024 03:46:19 Europe/Berlin] Debugging - Galleries Count: 0
[27-Dec-2024 03:53:01 Europe/Berlin] Debugging - Attraction ID: 29
[27-Dec-2024 03:53:01 Europe/Berlin] Debugging - Total Items: 0, Total Pages: 0
[27-Dec-2024 03:53:01 Europe/Berlin] Debugging - Galleries Count: 0
[27-Dec-2024 03:55:04 Europe/Berlin] Debugging - Attraction ID: 29
[27-Dec-2024 03:55:04 Europe/Berlin] Debugging - Total Items: 0, Total Pages: 0
[27-Dec-2024 03:55:04 Europe/Berlin] Debugging - Galleries Count: 0
[27-Dec-2024 03:55:07 Europe/Berlin] Debugging - Attraction ID: 29
[27-Dec-2024 03:55:07 Europe/Berlin] Debugging - Total Items: 0, Total Pages: 0
[27-Dec-2024 03:55:07 Europe/Berlin] Debugging - Galleries Count: 0
[27-Dec-2024 03:56:09 Europe/Berlin] Debugging - Attraction ID: 29
[27-Dec-2024 03:56:09 Europe/Berlin] Debugging - Total Items: 0, Total Pages: 0
[27-Dec-2024 03:56:09 Europe/Berlin] Debugging - Galleries Count: 0
[27-Dec-2024 04:00:15 Europe/Berlin] Debugging - Attraction ID: 29
[27-Dec-2024 04:00:15 Europe/Berlin] Debugging - Total Items: 0, Total Pages: 0
[27-Dec-2024 04:00:15 Europe/Berlin] Debugging - Galleries Count: 0
[27-Dec-2024 04:55:57 Europe/Berlin] Debugging - Attraction ID: 29
[27-Dec-2024 04:55:57 Europe/Berlin] Debugging - Total Items: 0, Total Pages: 0
[27-Dec-2024 04:55:57 Europe/Berlin] Debugging - Galleries Count: 0
[27-Dec-2024 04:57:04 Europe/Berlin] Debugging - Attraction ID: 29
[27-Dec-2024 04:57:04 Europe/Berlin] Debugging - Total Items: 0, Total Pages: 0
[27-Dec-2024 04:57:04 Europe/Berlin] Debugging - Galleries Count: 0
[27-Dec-2024 04:57:38 Europe/Berlin] Debugging - Attraction ID: 29
[27-Dec-2024 04:57:38 Europe/Berlin] Debugging - Total Items: 0, Total Pages: 0
[27-Dec-2024 04:57:38 Europe/Berlin] Debugging - Galleries Count: 0
[27-Dec-2024 04:57:56 Europe/Berlin] Debugging - Attraction ID: 29
[27-Dec-2024 04:57:56 Europe/Berlin] Debugging - Total Items: 0, Total Pages: 0
[27-Dec-2024 04:57:56 Europe/Berlin] Debugging - Galleries Count: 0
[27-Dec-2024 05:14:11 Europe/Berlin] Debugging - Attraction ID: 29
[27-Dec-2024 05:14:11 Europe/Berlin] Debugging - Total Items: 0, Total Pages: 0
[27-Dec-2024 05:14:11 Europe/Berlin] Debugging - Galleries Count: 0
[27-Dec-2024 05:22:58 Europe/Berlin] Debugging - Attraction ID: 29
[27-Dec-2024 05:22:58 Europe/Berlin] Debugging - Total Items: 0, Total Pages: 0
[27-Dec-2024 05:22:58 Europe/Berlin] Debugging - Galleries Count: 0
[27-Dec-2024 05:23:36 Europe/Berlin] Debugging - Attraction ID: 29
[27-Dec-2024 05:23:36 Europe/Berlin] Debugging - Total Items: 0, Total Pages: 0
[27-Dec-2024 05:23:36 Europe/Berlin] Debugging - Galleries Count: 0
[27-Dec-2024 08:32:50 Europe/Berlin] Debugging - Attraction ID: 29
[27-Dec-2024 08:32:50 Europe/Berlin] Debugging - Total Items: 0, Total Pages: 0
[27-Dec-2024 08:32:50 Europe/Berlin] Debugging - Galleries Count: 0
[27-Dec-2024 08:52:26 Europe/Berlin] Debugging - Attraction ID: 34
[27-Dec-2024 08:52:26 Europe/Berlin] Debugging - Total Items: 0, Total Pages: 0
[27-Dec-2024 08:52:26 Europe/Berlin] Debugging - Galleries Count: 0
[27-Dec-2024 08:52:29 Europe/Berlin] Debugging - Attraction ID: 29
[27-Dec-2024 08:52:29 Europe/Berlin] Debugging - Total Items: 0, Total Pages: 0
[27-Dec-2024 08:52:29 Europe/Berlin] Debugging - Galleries Count: 0
[28-Dec-2024 02:44:03 Europe/Berlin] Debugging - Attraction ID: 29
[28-Dec-2024 02:44:03 Europe/Berlin] Debugging - Total Items: 0, Total Pages: 0
[28-Dec-2024 02:44:03 Europe/Berlin] Debugging - Galleries Count: 0
[28-Dec-2024 02:45:31 Europe/Berlin] Debugging - Attraction ID: 29
[28-Dec-2024 02:45:31 Europe/Berlin] Debugging - Total Items: 0, Total Pages: 0
[28-Dec-2024 02:45:31 Europe/Berlin] Debugging - Galleries Count: 0
[28-Dec-2024 02:46:31 Europe/Berlin] Debugging - Attraction ID: 29
[28-Dec-2024 02:46:31 Europe/Berlin] Debugging - Total Items: 0, Total Pages: 0
[28-Dec-2024 02:46:31 Europe/Berlin] Debugging - Galleries Count: 0
[28-Dec-2024 02:47:50 Europe/Berlin] Debugging - Attraction ID: 29
[28-Dec-2024 02:47:50 Europe/Berlin] Debugging - Total Items: 0, Total Pages: 0
[28-Dec-2024 02:47:50 Europe/Berlin] Debugging - Galleries Count: 0
[28-Dec-2024 02:49:56 Europe/Berlin] Debugging - Attraction ID: 29
[28-Dec-2024 02:49:56 Europe/Berlin] Debugging - Total Items: 2, Total Pages: 1
[28-Dec-2024 02:49:56 Europe/Berlin] Debugging - Sanitized Name: Hutan Lipur Teladas
[28-Dec-2024 02:49:56 Europe/Berlin] Debugging - Original Name: Hutan Lipur Teladas
[28-Dec-2024 02:49:56 Europe/Berlin] Debugging - Sanitized Name: Hutan Lipur Teladas
[28-Dec-2024 02:49:56 Europe/Berlin] Debugging - Folder: pictures
[28-Dec-2024 02:49:56 Europe/Berlin] Debugging - Generated Path: ../media/attraction/Hutan Lipur Teladas/pictures/676f593bf01cc_1735350587.jpg
[28-Dec-2024 02:49:56 Europe/Berlin] Debugging - Sanitized Name: Hutan Lipur Teladas
[28-Dec-2024 02:49:56 Europe/Berlin] Debugging - Original Name: Hutan Lipur Teladas
[28-Dec-2024 02:49:56 Europe/Berlin] Debugging - Sanitized Name: Hutan Lipur Teladas
[28-Dec-2024 02:49:56 Europe/Berlin] Debugging - Folder: pictures
[28-Dec-2024 02:49:56 Europe/Berlin] Debugging - Generated Path: ../media/attraction/Hutan Lipur Teladas/pictures/676f59292afe6_1735350569.jpg
[28-Dec-2024 02:49:56 Europe/Berlin] Debugging - Galleries Count: 2
[28-Dec-2024 02:49:59 Europe/Berlin] Debugging - Attraction ID: 29
[28-Dec-2024 02:49:59 Europe/Berlin] Debugging - Total Items: 2, Total Pages: 1
[28-Dec-2024 02:49:59 Europe/Berlin] Debugging - Sanitized Name: Hutan Lipur Teladas
[28-Dec-2024 02:49:59 Europe/Berlin] Debugging - Original Name: Hutan Lipur Teladas
[28-Dec-2024 02:49:59 Europe/Berlin] Debugging - Sanitized Name: Hutan Lipur Teladas
[28-Dec-2024 02:49:59 Europe/Berlin] Debugging - Folder: pictures
[28-Dec-2024 02:49:59 Europe/Berlin] Debugging - Generated Path: ../media/attraction/Hutan Lipur Teladas/pictures/676f593bf01cc_1735350587.jpg
[28-Dec-2024 02:49:59 Europe/Berlin] Debugging - Sanitized Name: Hutan Lipur Teladas
[28-Dec-2024 02:49:59 Europe/Berlin] Debugging - Original Name: Hutan Lipur Teladas
[28-Dec-2024 02:49:59 Europe/Berlin] Debugging - Sanitized Name: Hutan Lipur Teladas
[28-Dec-2024 02:49:59 Europe/Berlin] Debugging - Folder: pictures
[28-Dec-2024 02:49:59 Europe/Berlin] Debugging - Generated Path: ../media/attraction/Hutan Lipur Teladas/pictures/676f59292afe6_1735350569.jpg
[28-Dec-2024 02:49:59 Europe/Berlin] Debugging - Galleries Count: 2
[28-Dec-2024 02:50:01 Europe/Berlin] Debugging - Attraction ID: 29
[28-Dec-2024 02:50:01 Europe/Berlin] Debugging - Total Items: 2, Total Pages: 1
[28-Dec-2024 02:50:01 Europe/Berlin] Debugging - Sanitized Name: Hutan Lipur Teladas
[28-Dec-2024 02:50:01 Europe/Berlin] Debugging - Original Name: Hutan Lipur Teladas
[28-Dec-2024 02:50:01 Europe/Berlin] Debugging - Sanitized Name: Hutan Lipur Teladas
[28-Dec-2024 02:50:01 Europe/Berlin] Debugging - Folder: pictures
[28-Dec-2024 02:50:01 Europe/Berlin] Debugging - Generated Path: ../media/attraction/Hutan Lipur Teladas/pictures/676f593bf01cc_1735350587.jpg
[28-Dec-2024 02:50:01 Europe/Berlin] Debugging - Sanitized Name: Hutan Lipur Teladas
[28-Dec-2024 02:50:01 Europe/Berlin] Debugging - Original Name: Hutan Lipur Teladas
[28-Dec-2024 02:50:01 Europe/Berlin] Debugging - Sanitized Name: Hutan Lipur Teladas
[28-Dec-2024 02:50:01 Europe/Berlin] Debugging - Folder: pictures
[28-Dec-2024 02:50:01 Europe/Berlin] Debugging - Generated Path: ../media/attraction/Hutan Lipur Teladas/pictures/676f59292afe6_1735350569.jpg
[28-Dec-2024 02:50:01 Europe/Berlin] Debugging - Galleries Count: 2
[28-Dec-2024 02:50:25 Europe/Berlin] Debugging - Attraction ID: 29
[28-Dec-2024 02:50:25 Europe/Berlin] Debugging - Total Items: 3, Total Pages: 1
[28-Dec-2024 02:50:25 Europe/Berlin] Debugging - Sanitized Name: Hutan Lipur Teladas
[28-Dec-2024 02:50:25 Europe/Berlin] Debugging - Original Name: Hutan Lipur Teladas
[28-Dec-2024 02:50:25 Europe/Berlin] Debugging - Sanitized Name: Hutan Lipur Teladas
[28-Dec-2024 02:50:25 Europe/Berlin] Debugging - Folder: videos
[28-Dec-2024 02:50:25 Europe/Berlin] Debugging - Generated Path: ../media/attraction/Hutan Lipur Teladas/videos/676f595df2f50_1735350621.mp4
[28-Dec-2024 02:50:25 Europe/Berlin] Debugging - Sanitized Name: Hutan Lipur Teladas
[28-Dec-2024 02:50:25 Europe/Berlin] Debugging - Original Name: Hutan Lipur Teladas
[28-Dec-2024 02:50:25 Europe/Berlin] Debugging - Sanitized Name: Hutan Lipur Teladas
[28-Dec-2024 02:50:25 Europe/Berlin] Debugging - Folder: pictures
[28-Dec-2024 02:50:25 Europe/Berlin] Debugging - Generated Path: ../media/attraction/Hutan Lipur Teladas/pictures/676f593bf01cc_1735350587.jpg
[28-Dec-2024 02:50:25 Europe/Berlin] Debugging - Sanitized Name: Hutan Lipur Teladas
[28-Dec-2024 02:50:25 Europe/Berlin] Debugging - Original Name: Hutan Lipur Teladas
[28-Dec-2024 02:50:25 Europe/Berlin] Debugging - Sanitized Name: Hutan Lipur Teladas
[28-Dec-2024 02:50:25 Europe/Berlin] Debugging - Folder: pictures
[28-Dec-2024 02:50:25 Europe/Berlin] Debugging - Generated Path: ../media/attraction/Hutan Lipur Teladas/pictures/676f59292afe6_1735350569.jpg
[28-Dec-2024 02:50:25 Europe/Berlin] Debugging - Galleries Count: 3
